<?xml version="1.0" encoding="UTF-8"?>
<testng-results ignored="0" total="1" passed="1" failed="0" skipped="0">
  <reporter-output>
  </reporter-output>
  <suite started-at="2022-03-28T13:19:01 UYT" name="Default suite" finished-at="2022-03-28T13:19:26 UYT" duration-ms="25139">
    <groups>
    </groups>
    <test started-at="2022-03-28T13:19:01 UYT" name="Default test" finished-at="2022-03-28T13:19:26 UYT" duration-ms="25139">
      <class name="TestCases.TestCase1">
        <test-method is-config="true" signature="LaunchApp()[pri:0, instance:TestCases.TestCase1@149e0f5d]" started-at="2022-03-28T13:19:01 UYT" name="LaunchApp" finished-at="2022-03-28T13:19:09 UYT" duration-ms="7199" status="PASS">
          <reporter-output>
          </reporter-output>
        </test-method> <!-- LaunchApp -->
        <test-method signature="CreateListSearch()[pri:0, instance:TestCases.TestCase1@149e0f5d]" started-at="2022-03-28T13:19:09 UYT" name="CreateListSearch" finished-at="2022-03-28T13:19:22 UYT" duration-ms="13662" status="PASS">
          <reporter-output>
          </reporter-output>
        </test-method> <!-- CreateListSearch -->
        <test-method is-config="true" signature="teardown()[pri:0, instance:TestCases.TestCase1@149e0f5d]" started-at="2022-03-28T13:19:22 UYT" name="teardown" finished-at="2022-03-28T13:19:26 UYT" duration-ms="4236" status="PASS">
          <reporter-output>
          </reporter-output>
        </test-method> <!-- teardown -->
      </class> <!-- TestCases.TestCase1 -->
    </test> <!-- Default test -->
  </suite> <!-- Default suite -->
</testng-results>
